<?xml version="1.0" encoding="UTF-8"?>
<!-- Generated by org.testng.reporters.JUnitXMLReporter -->
<testsuite ignored="0" hostname="DESKTOP-83QUER9" failures="0" tests="5" name="Default test" time="34.315" errors="0" timestamp="2024-04-29T10:50:18 WAT">
  <testcase classname="DemoCreationClientaffaire.TestDemoClientAffaire" name="TestConnexion" time="12.042"/>
  <testcase classname="DemoCreationClientaffaire.TestDemoClientAffaire" name="TestNavigationMenu" time="0.965"/>
  <testcase classname="DemoCreationClientaffaire.TestDemoClientAffaire" name="TestCreateClient" time="2.881"/>
  <testcase classname="DemoCreationClientaffaire.TestDemoClientAffaire" name="TestRechercheclient" time="0.416"/>
  <testcase classname="DemoCreationClientaffaire.TestDemoClientAffaire" name="TestCommercial" time="13.398"/>
</testsuite> <!-- Default test -->
