<?xml version="1.0" encoding="UTF-8"?>
<testng-results ignored="0" total="5" passed="5" failed="0" skipped="0">
  <reporter-output>
  </reporter-output>
  <suite started-at="2024-04-29T10:49:44 WAT" name="Default suite" finished-at="2024-04-29T10:50:18 WAT" duration-ms="34315">
    <groups>
    </groups>
    <test started-at="2024-04-29T10:49:44 WAT" name="Default test" finished-at="2024-04-29T10:50:18 WAT" duration-ms="34315">
      <class name="DemoCreationClientaffaire.TestDemoClientAffaire">
        <test-method is-config="true" signature="Configure()[pri:0, instance:DemoCreationClientaffaire.TestDemoClientAffaire@5f049ea1]" started-at="2024-04-29T10:49:44 WAT" name="Configure" finished-at="2024-04-29T10:49:48 WAT" duration-ms="4508" status="PASS">
          <reporter-output>
          </reporter-output>
        </test-method> <!-- Configure -->
        <test-method signature="TestConnexion()[pri:1, instance:DemoCreationClientaffaire.TestDemoClientAffaire@5f049ea1]" started-at="2024-04-29T10:49:48 WAT" name="TestConnexion" finished-at="2024-04-29T10:50:00 WAT" duration-ms="12042" status="PASS">
          <reporter-output>
          </reporter-output>
        </test-method> <!-- TestConnexion -->
        <test-method signature="TestNavigationMenu()[pri:2, instance:DemoCreationClientaffaire.TestDemoClientAffaire@5f049ea1]" started-at="2024-04-29T10:50:00 WAT" name="TestNavigationMenu" finished-at="2024-04-29T10:50:01 WAT" duration-ms="965" status="PASS">
          <reporter-output>
          </reporter-output>
        </test-method> <!-- TestNavigationMenu -->
        <test-method signature="TestCreateClient()[pri:3, instance:DemoCreationClientaffaire.TestDemoClientAffaire@5f049ea1]" started-at="2024-04-29T10:50:01 WAT" name="TestCreateClient" finished-at="2024-04-29T10:50:04 WAT" duration-ms="2881" status="PASS">
          <reporter-output>
          </reporter-output>
        </test-method> <!-- TestCreateClient -->
        <test-method signature="TestRechercheclient()[pri:4, instance:DemoCreationClientaffaire.TestDemoClientAffaire@5f049ea1]" started-at="2024-04-29T10:50:04 WAT" name="TestRechercheclient" finished-at="2024-04-29T10:50:05 WAT" duration-ms="416" status="PASS">
          <reporter-output>
          </reporter-output>
        </test-method> <!-- TestRechercheclient -->
        <test-method signature="TestCommercial()[pri:5, instance:DemoCreationClientaffaire.TestDemoClientAffaire@5f049ea1]" started-at="2024-04-29T10:50:05 WAT" name="TestCommercial" finished-at="2024-04-29T10:50:18 WAT" duration-ms="13398" status="PASS">
          <reporter-output>
          </reporter-output>
        </test-method> <!-- TestCommercial -->
        <test-method is-config="true" signature="tearDown()[pri:0, instance:DemoCreationClientaffaire.TestDemoClientAffaire@5f049ea1]" started-at="2024-04-29T10:50:18 WAT" name="tearDown" finished-at="2024-04-29T10:50:18 WAT" duration-ms="0" status="PASS">
          <reporter-output>
          </reporter-output>
        </test-method> <!-- tearDown -->
      </class> <!-- DemoCreationClientaffaire.TestDemoClientAffaire -->
    </test> <!-- Default test -->
  </suite> <!-- Default suite -->
</testng-results>
