<?xml version="1.0" encoding="UTF-8"?>
<testsuite xmlns:xsi="http://www.w3.org/2001/XMLSchema-instance" xsi:noNamespaceSchemaLocation="https://maven.apache.org/surefire/maven-surefire-plugin/xsd/surefire-test-report-3.0.xsd" version="3.0" name="TestSuite" time="43.547" tests="5" errors="0" skipped="0" failures="0">
  <properties>
[...]
</properties>
  <testcase name="TestConnexion" classname="DemoCreationClientaffaire.TestDemoClientAffaire" time="11.104">
    <system-out><![CDATA[Test Création client 
random string is : 29-04 10:53:08 801 c9ntyt
]]></system-out>
    <system-err><![CDATA[SLF4J: Failed to load class "org.slf4j.impl.StaticLoggerBinder".
SLF4J: Defaulting to no-operation (NOP) logger implementation
SLF4J: See http://www.slf4j.org/codes.html#StaticLoggerBinder for further details.
Starting ChromeDriver 124.0.6367.78 (a087f2dd364ddd58b9c016ef1bf563d2bc138711-refs/branch-heads/6367@{#954}) on port 8049
Only local connections are allowed.
Please see https://chromedriver.chromium.org/security-considerations for suggestions on keeping ChromeDriver safe.
ChromeDriver was started successfully.
avr. 29, 2024 10:53:13 AM org.openqa.selenium.remote.ProtocolHandshake createSession
INFO: Detected dialect: W3C
]]></system-err>
  </testcase>
  <testcase name="TestNavigationMenu" classname="DemoCreationClientaffaire.TestDemoClientAffaire" time="1.228">
    <system-out><![CDATA[

&amp#27;[28m===============================================
TestConnexion - PASS
Total tests run: 1, Passes: 1, Failures: 0, Skips: 0
===============================================
&amp#27;[0m

Ouvrir naviguation menu
]]></system-out>
  </testcase>
  <testcase name="TestCreateClient" classname="DemoCreationClientaffaire.TestDemoClientAffaire" time="3.644">
    <system-out><![CDATA[

&amp#27;[28m===============================================
TestNavigationMenu - PASS
Total tests run: 1, Passes: 1, Failures: 0, Skips: 0
===============================================
&amp#27;[0m

Création client
]]></system-out>
  </testcase>
  <testcase name="TestRechercheclient" classname="DemoCreationClientaffaire.TestDemoClientAffaire" time="0.57">
    <system-out><![CDATA[

&amp#27;[28m===============================================
TestCreateClient - PASS
Total tests run: 1, Passes: 1, Failures: 0, Skips: 0
===============================================
&amp#27;[0m

Recherche client  
]]></system-out>
  </testcase>
  <testcase name="TestCommercial" classname="DemoCreationClientaffaire.TestDemoClientAffaire" time="19.934">
    <system-out><![CDATA[

&amp#27;[28m===============================================
TestRechercheclient - PASS
Total tests run: 1, Passes: 1, Failures: 0, Skips: 0
===============================================
&amp#27;[0m

Executer test commercial
Mise à jour information affaires opened
Search Dialog opened
 Recherche affaire 
Affaire créé.
]]></system-out>
  </testcase>
</testsuite>