<?xml version="1.0" encoding="UTF-8"?>
<!-- Generated by org.testng.reporters.JUnitXMLReporter -->
<testsuite ignored="0" hostname="DESKTOP-83QUER9" failures="0" tests="5" name="Surefire test" time="41.799" errors="0" timestamp="2024-04-29T10:53:50 WAT">
  <testcase classname="DemoCreationClientaffaire.TestDemoClientAffaire" name="TestConnexion" time="11.085"/>
  <testcase classname="DemoCreationClientaffaire.TestDemoClientAffaire" name="TestNavigationMenu" time="1.269"/>
  <testcase classname="DemoCreationClientaffaire.TestDemoClientAffaire" name="TestCreateClient" time="3.723"/>
  <testcase classname="DemoCreationClientaffaire.TestDemoClientAffaire" name="TestRechercheclient" time="0.596"/>
  <testcase classname="DemoCreationClientaffaire.TestDemoClientAffaire" name="TestCommercial" time="19.928"/>
</testsuite> <!-- Surefire test -->
